{"/home/runner/work/remotehead/remotehead/react-app/src/App.js": {"path":"/home/runner/work/remotehead/remotehead/react-app/src/App.js","statementMap":{"0":{"start":{"line":4,"column":12},"end":{"line":295,"column":1}},"1":{"start":{"line":6,"column":32},"end":{"line":6,"column":55}},"2":{"start":{"line":7,"column":42},"end":{"line":7,"column":54}},"3":{"start":{"line":8,"column":50},"end":{"line":8,"column":62}},"4":{"start":{"line":9,"column":38},"end":{"line":9,"column":50}},"5":{"start":{"line":10,"column":44},"end":{"line":10,"column":115}},"6":{"start":{"line":11,"column":54},"end":{"line":11,"column":69}},"7":{"start":{"line":12,"column":58},"end":{"line":12,"column":73}},"8":{"start":{"line":13,"column":44},"end":{"line":13,"column":58}},"9":{"start":{"line":16,"column":52},"end":{"line":16,"column":67}},"10":{"start":{"line":17,"column":42},"end":{"line":17,"column":54}},"11":{"start":{"line":20,"column":22},"end":{"line":63,"column":15}},"12":{"start":{"line":21,"column":4},"end":{"line":21,"column":43}},"13":{"start":{"line":22,"column":4},"end":{"line":62,"column":5}},"14":{"start":{"line":23,"column":18},"end":{"line":23,"column":49}},"15":{"start":{"line":24,"column":22},"end":{"line":29,"column":7}},"16":{"start":{"line":30,"column":6},"end":{"line":32,"column":7}},"17":{"start":{"line":31,"column":8},"end":{"line":31,"column":44}},"18":{"start":{"line":34,"column":23},"end":{"line":34,"column":48}},"19":{"start":{"line":35,"column":19},"end":{"line":35,"column":40}},"20":{"start":{"line":37,"column":6},"end":{"line":58,"column":7}},"21":{"start":{"line":38,"column":8},"end":{"line":38,"column":102}},"22":{"start":{"line":39,"column":8},"end":{"line":54,"column":9}},"23":{"start":{"line":40,"column":10},"end":{"line":40,"column":38}},"24":{"start":{"line":41,"column":10},"end":{"line":41,"column":60}},"25":{"start":{"line":42,"column":10},"end":{"line":42,"column":43}},"26":{"start":{"line":43,"column":10},"end":{"line":43,"column":57}},"27":{"start":{"line":44,"column":10},"end":{"line":44,"column":46}},"28":{"start":{"line":46,"column":10},"end":{"line":48,"column":11}},"29":{"start":{"line":47,"column":12},"end":{"line":47,"column":40}},"30":{"start":{"line":49,"column":15},"end":{"line":54,"column":9}},"31":{"start":{"line":51,"column":10},"end":{"line":51,"column":160}},"32":{"start":{"line":52,"column":10},"end":{"line":52,"column":39}},"33":{"start":{"line":53,"column":10},"end":{"line":53,"column":38}},"34":{"start":{"line":56,"column":8},"end":{"line":56,"column":102}},"35":{"start":{"line":57,"column":8},"end":{"line":57,"column":37}},"36":{"start":{"line":60,"column":6},"end":{"line":60,"column":129}},"37":{"start":{"line":61,"column":6},"end":{"line":61,"column":35}},"38":{"start":{"line":66,"column":23},"end":{"line":68,"column":3}},"39":{"start":{"line":67,"column":4},"end":{"line":67,"column":26}},"40":{"start":{"line":71,"column":21},"end":{"line":77,"column":3}},"41":{"start":{"line":72,"column":4},"end":{"line":75,"column":5}},"42":{"start":{"line":73,"column":6},"end":{"line":73,"column":57}},"43":{"start":{"line":74,"column":6},"end":{"line":74,"column":13}},"44":{"start":{"line":76,"column":4},"end":{"line":76,"column":72}},"45":{"start":{"line":80,"column":30},"end":{"line":89,"column":3}},"46":{"start":{"line":81,"column":4},"end":{"line":84,"column":5}},"47":{"start":{"line":82,"column":6},"end":{"line":82,"column":61}},"48":{"start":{"line":83,"column":6},"end":{"line":83,"column":13}},"49":{"start":{"line":85,"column":4},"end":{"line":88,"column":7}},"50":{"start":{"line":92,"column":33},"end":{"line":99,"column":3}},"51":{"start":{"line":93,"column":28},"end":{"line":93,"column":46}},"52":{"start":{"line":94,"column":4},"end":{"line":94,"column":42}},"53":{"start":{"line":95,"column":4},"end":{"line":98,"column":7}},"54":{"start":{"line":102,"column":35},"end":{"line":118,"column":3}},"55":{"start":{"line":103,"column":16},"end":{"line":103,"column":44}},"56":{"start":{"line":104,"column":4},"end":{"line":106,"column":5}},"57":{"start":{"line":105,"column":6},"end":{"line":105,"column":17}},"58":{"start":{"line":108,"column":4},"end":{"line":108,"column":49}},"59":{"start":{"line":109,"column":4},"end":{"line":109,"column":27}},"60":{"start":{"line":112,"column":4},"end":{"line":117,"column":5}},"61":{"start":{"line":113,"column":6},"end":{"line":116,"column":9}},"62":{"start":{"line":121,"column":22},"end":{"line":123,"column":19}},"63":{"start":{"line":122,"column":4},"end":{"line":122,"column":26}},"64":{"start":{"line":126,"column":2},"end":{"line":130,"column":29}},"65":{"start":{"line":127,"column":4},"end":{"line":127,"column":18}},"66":{"start":{"line":128,"column":21},"end":{"line":128,"column":51}},"67":{"start":{"line":129,"column":4},"end":{"line":129,"column":41}},"68":{"start":{"line":129,"column":17},"end":{"line":129,"column":40}},"69":{"start":{"line":132,"column":2},"end":{"line":294,"column":4}},"70":{"start":{"line":149,"column":29},"end":{"line":149,"column":55}},"71":{"start":{"line":185,"column":31},"end":{"line":185,"column":62}},"72":{"start":{"line":198,"column":31},"end":{"line":198,"column":66}},"73":{"start":{"line":266,"column":31},"end":{"line":266,"column":60}}},"fnMap":{"0":{"name":"(anonymous_0)","decl":{"start":{"line":4,"column":12},"end":{"line":4,"column":13}},"loc":{"start":{"line":4,"column":18},"end":{"line":295,"column":1}},"line":4},"1":{"name":"(anonymous_1)","decl":{"start":{"line":20,"column":34},"end":{"line":20,"column":35}},"loc":{"start":{"line":20,"column":83},"end":{"line":63,"column":3}},"line":20},"2":{"name":"(anonymous_2)","decl":{"start":{"line":66,"column":23},"end":{"line":66,"column":24}},"loc":{"start":{"line":66,"column":29},"end":{"line":68,"column":3}},"line":66},"3":{"name":"(anonymous_3)","decl":{"start":{"line":71,"column":21},"end":{"line":71,"column":22}},"loc":{"start":{"line":71,"column":27},"end":{"line":77,"column":3}},"line":71},"4":{"name":"(anonymous_4)","decl":{"start":{"line":80,"column":30},"end":{"line":80,"column":31}},"loc":{"start":{"line":80,"column":36},"end":{"line":89,"column":3}},"line":80},"5":{"name":"(anonymous_5)","decl":{"start":{"line":92,"column":33},"end":{"line":92,"column":34}},"loc":{"start":{"line":92,"column":39},"end":{"line":99,"column":3}},"line":92},"6":{"name":"(anonymous_6)","decl":{"start":{"line":102,"column":35},"end":{"line":102,"column":36}},"loc":{"start":{"line":102,"column":42},"end":{"line":118,"column":3}},"line":102},"7":{"name":"(anonymous_7)","decl":{"start":{"line":121,"column":34},"end":{"line":121,"column":35}},"loc":{"start":{"line":121,"column":40},"end":{"line":123,"column":3}},"line":121},"8":{"name":"(anonymous_8)","decl":{"start":{"line":126,"column":12},"end":{"line":126,"column":13}},"loc":{"start":{"line":126,"column":18},"end":{"line":130,"column":3}},"line":126},"9":{"name":"(anonymous_9)","decl":{"start":{"line":129,"column":11},"end":{"line":129,"column":12}},"loc":{"start":{"line":129,"column":17},"end":{"line":129,"column":40}},"line":129},"10":{"name":"(anonymous_10)","decl":{"start":{"line":149,"column":22},"end":{"line":149,"column":23}},"loc":{"start":{"line":149,"column":29},"end":{"line":149,"column":55}},"line":149},"11":{"name":"(anonymous_11)","decl":{"start":{"line":185,"column":24},"end":{"line":185,"column":25}},"loc":{"start":{"line":185,"column":31},"end":{"line":185,"column":62}},"line":185},"12":{"name":"(anonymous_12)","decl":{"start":{"line":198,"column":24},"end":{"line":198,"column":25}},"loc":{"start":{"line":198,"column":31},"end":{"line":198,"column":66}},"line":198},"13":{"name":"(anonymous_13)","decl":{"start":{"line":266,"column":24},"end":{"line":266,"column":25}},"loc":{"start":{"line":266,"column":31},"end":{"line":266,"column":60}},"line":266}},"branchMap":{"0":{"loc":{"start":{"line":20,"column":51},"end":{"line":20,"column":65}},"type":"default-arg","locations":[{"start":{"line":20,"column":60},"end":{"line":20,"column":65}}],"line":20},"1":{"loc":{"start":{"line":20,"column":67},"end":{"line":20,"column":78}},"type":"default-arg","locations":[{"start":{"line":20,"column":74},"end":{"line":20,"column":78}}],"line":20},"2":{"loc":{"start":{"line":30,"column":6},"end":{"line":32,"column":7}},"type":"if","locations":[{"start":{"line":30,"column":6},"end":{"line":32,"column":7}},{"start":{},"end":{}}],"line":30},"3":{"loc":{"start":{"line":37,"column":6},"end":{"line":58,"column":7}},"type":"if","locations":[{"start":{"line":37,"column":6},"end":{"line":58,"column":7}},{"start":{"line":55,"column":13},"end":{"line":58,"column":7}}],"line":37},"4":{"loc":{"start":{"line":38,"column":62},"end":{"line":38,"column":98}},"type":"binary-expr","locations":[{"start":{"line":38,"column":62},"end":{"line":38,"column":74}},{"start":{"line":38,"column":78},"end":{"line":38,"column":98}}],"line":38},"5":{"loc":{"start":{"line":39,"column":8},"end":{"line":54,"column":9}},"type":"if","locations":[{"start":{"line":39,"column":8},"end":{"line":54,"column":9}},{"start":{"line":49,"column":15},"end":{"line":54,"column":9}}],"line":39},"6":{"loc":{"start":{"line":46,"column":10},"end":{"line":48,"column":11}},"type":"if","locations":[{"start":{"line":46,"column":10},"end":{"line":48,"column":11}},{"start":{},"end":{}}],"line":46},"7":{"loc":{"start":{"line":46,"column":14},"end":{"line":46,"column":57}},"type":"binary-expr","locations":[{"start":{"line":46,"column":14},"end":{"line":46,"column":38}},{"start":{"line":46,"column":42},"end":{"line":46,"column":57}}],"line":46},"8":{"loc":{"start":{"line":49,"column":15},"end":{"line":54,"column":9}},"type":"if","locations":[{"start":{"line":49,"column":15},"end":{"line":54,"column":9}},{"start":{},"end":{}}],"line":49},"9":{"loc":{"start":{"line":56,"column":65},"end":{"line":56,"column":98}},"type":"binary-expr","locations":[{"start":{"line":56,"column":65},"end":{"line":56,"column":75}},{"start":{"line":56,"column":79},"end":{"line":56,"column":98}}],"line":56},"10":{"loc":{"start":{"line":72,"column":4},"end":{"line":75,"column":5}},"type":"if","locations":[{"start":{"line":72,"column":4},"end":{"line":75,"column":5}},{"start":{},"end":{}}],"line":72},"11":{"loc":{"start":{"line":81,"column":4},"end":{"line":84,"column":5}},"type":"if","locations":[{"start":{"line":81,"column":4},"end":{"line":84,"column":5}},{"start":{},"end":{}}],"line":81},"12":{"loc":{"start":{"line":104,"column":4},"end":{"line":106,"column":5}},"type":"if","locations":[{"start":{"line":104,"column":4},"end":{"line":106,"column":5}},{"start":{},"end":{}}],"line":104},"13":{"loc":{"start":{"line":112,"column":4},"end":{"line":117,"column":5}},"type":"if","locations":[{"start":{"line":112,"column":4},"end":{"line":117,"column":5}},{"start":{},"end":{}}],"line":112},"14":{"loc":{"start":{"line":157,"column":95},"end":{"line":157,"column":181}},"type":"cond-expr","locations":[{"start":{"line":157,"column":120},"end":{"line":157,"column":151}},{"start":{"line":157,"column":154},"end":{"line":157,"column":181}}],"line":157},"15":{"loc":{"start":{"line":160,"column":101},"end":{"line":160,"column":181}},"type":"cond-expr","locations":[{"start":{"line":160,"column":124},"end":{"line":160,"column":153}},{"start":{"line":160,"column":156},"end":{"line":160,"column":181}}],"line":160},"16":{"loc":{"start":{"line":160,"column":186},"end":{"line":160,"column":257}},"type":"cond-expr","locations":[{"start":{"line":160,"column":209},"end":{"line":160,"column":229}},{"start":{"line":160,"column":232},"end":{"line":160,"column":257}}],"line":160},"17":{"loc":{"start":{"line":163,"column":101},"end":{"line":163,"column":179}},"type":"cond-expr","locations":[{"start":{"line":163,"column":122},"end":{"line":163,"column":151}},{"start":{"line":163,"column":154},"end":{"line":163,"column":179}}],"line":163},"18":{"loc":{"start":{"line":163,"column":184},"end":{"line":163,"column":217}},"type":"cond-expr","locations":[{"start":{"line":163,"column":205},"end":{"line":163,"column":210}},{"start":{"line":163,"column":213},"end":{"line":163,"column":217}}],"line":163},"19":{"loc":{"start":{"line":205,"column":22},"end":{"line":205,"column":71}},"type":"binary-expr","locations":[{"start":{"line":205,"column":22},"end":{"line":205,"column":41}},{"start":{"line":205,"column":45},"end":{"line":205,"column":71}}],"line":205},"20":{"loc":{"start":{"line":223,"column":24},"end":{"line":223,"column":70}},"type":"binary-expr","locations":[{"start":{"line":223,"column":24},"end":{"line":223,"column":43}},{"start":{"line":223,"column":47},"end":{"line":223,"column":70}}],"line":223},"21":{"loc":{"start":{"line":242,"column":24},"end":{"line":242,"column":70}},"type":"binary-expr","locations":[{"start":{"line":242,"column":24},"end":{"line":242,"column":43}},{"start":{"line":242,"column":47},"end":{"line":242,"column":70}}],"line":242},"22":{"loc":{"start":{"line":256,"column":22},"end":{"line":256,"column":70}},"type":"binary-expr","locations":[{"start":{"line":256,"column":22},"end":{"line":256,"column":43}},{"start":{"line":256,"column":47},"end":{"line":256,"column":70}}],"line":256},"23":{"loc":{"start":{"line":268,"column":24},"end":{"line":268,"column":72}},"type":"binary-expr","locations":[{"start":{"line":268,"column":24},"end":{"line":268,"column":45}},{"start":{"line":268,"column":49},"end":{"line":268,"column":72}}],"line":268},"24":{"loc":{"start":{"line":273,"column":24},"end":{"line":273,"column":100}},"type":"binary-expr","locations":[{"start":{"line":273,"column":24},"end":{"line":273,"column":45}},{"start":{"line":273,"column":49},"end":{"line":273,"column":73}},{"start":{"line":273,"column":77},"end":{"line":273,"column":100}}],"line":273}},"s":{"0":1,"1":95,"2":95,"3":95,"4":95,"5":95,"6":95,"7":95,"8":95,"9":95,"10":95,"11":95,"12":29,"13":29,"14":29,"15":29,"16":29,"17":1,"18":29,"19":28,"20":28,"21":27,"22":27,"23":26,"24":26,"25":26,"26":26,"27":26,"28":26,"29":2,"30":1,"31":1,"32":1,"33":1,"34":1,"35":1,"36":1,"37":1,"38":95,"39":0,"40":95,"41":0,"42":0,"43":0,"44":0,"45":95,"46":1,"47":0,"48":0,"49":1,"50":95,"51":0,"52":0,"53":0,"54":95,"55":0,"56":0,"57":0,"58":0,"59":0,"60":0,"61":0,"62":95,"63":28,"64":95,"65":28,"66":28,"67":28,"68":28,"69":95,"70":14,"71":11,"72":12,"73":0},"f":{"0":95,"1":29,"2":0,"3":0,"4":1,"5":0,"6":0,"7":28,"8":28,"9":28,"10":14,"11":11,"12":12,"13":0},"b":{"0":[28],"1":[28],"2":[1,28],"3":[27,1],"4":[27,0],"5":[26,1],"6":[2,24],"7":[26,2],"8":[1,0],"9":[1,0],"10":[0,0],"11":[0,1],"12":[0,0],"13":[0,0],"14":[93,2],"15":[2,93],"16":[2,93],"17":[66,29],"18":[66,29],"19":[95,66],"20":[95,66],"21":[95,66],"22":[95,2],"23":[95,2],"24":[95,2,0]},"_coverageSchema":"1a1c01bbd47fc00a2c39e90264f33305004495a9","hash":"7c2ed1c59bedcd8b21afb806f2b45b1ecafe8a10"}
,"/home/runner/work/remotehead/remotehead/react-app/src/index.js": {"path":"/home/runner/work/remotehead/remotehead/react-app/src/index.js","statementMap":{"0":{"start":{"line":6,"column":13},"end":{"line":6,"column":65}},"1":{"start":{"line":7,"column":0},"end":{"line":11,"column":2}}},"fnMap":{},"branchMap":{},"s":{"0":0,"1":0},"f":{},"b":{}}
}
