TN:
SF:src/App.js
FN:4,(anonymous_0)
FN:20,(anonymous_1)
FN:66,(anonymous_2)
FN:71,(anonymous_3)
FN:80,(anonymous_4)
FN:92,(anonymous_5)
FN:102,(anonymous_6)
FN:121,(anonymous_7)
FN:126,(anonymous_8)
FN:129,(anonymous_9)
FN:149,(anonymous_10)
FN:185,(anonymous_11)
FN:198,(anonymous_12)
FN:266,(anonymous_13)
FNF:14
FNH:9
FNDA:97,(anonymous_0)
FNDA:30,(anonymous_1)
FNDA:0,(anonymous_2)
FNDA:0,(anonymous_3)
FNDA:1,(anonymous_4)
FNDA:0,(anonymous_5)
FNDA:0,(anonymous_6)
FNDA:29,(anonymous_7)
FNDA:29,(anonymous_8)
FNDA:29,(anonymous_9)
FNDA:14,(anonymous_10)
FNDA:11,(anonymous_11)
FNDA:12,(anonymous_12)
FNDA:0,(anonymous_13)
DA:4,1
DA:6,97
DA:7,97
DA:8,97
DA:9,97
DA:10,97
DA:11,97
DA:12,97
DA:13,97
DA:16,97
DA:17,97
DA:20,97
DA:21,30
DA:22,30
DA:23,30
DA:24,30
DA:30,30
DA:31,1
DA:34,30
DA:35,29
DA:37,29
DA:38,28
DA:39,28
DA:40,27
DA:41,27
DA:42,27
DA:43,27
DA:44,27
DA:46,27
DA:47,4
DA:49,1
DA:51,1
DA:52,1
DA:56,1
DA:57,1
DA:60,1
DA:61,1
DA:66,97
DA:67,0
DA:71,97
DA:72,0
DA:73,0
DA:74,0
DA:76,0
DA:80,97
DA:81,1
DA:82,0
DA:83,0
DA:85,1
DA:92,97
DA:93,0
DA:94,0
DA:95,0
DA:102,97
DA:103,0
DA:104,0
DA:105,0
DA:108,0
DA:109,0
DA:112,0
DA:113,0
DA:121,97
DA:122,29
DA:126,97
DA:127,29
DA:128,29
DA:129,29
DA:132,97
DA:149,14
DA:185,11
DA:198,12
DA:266,0
LF:72
LH:54
BRDA:20,0,0,29
BRDA:20,1,0,29
BRDA:30,2,0,1
BRDA:30,2,1,29
BRDA:37,3,0,28
BRDA:37,3,1,1
BRDA:38,4,0,28
BRDA:38,4,1,0
BRDA:39,5,0,27
BRDA:39,5,1,1
BRDA:46,6,0,4
BRDA:46,6,1,23
BRDA:46,7,0,27
BRDA:46,7,1,4
BRDA:49,8,0,1
BRDA:49,8,1,0
BRDA:56,9,0,1
BRDA:56,9,1,0
BRDA:72,10,0,0
BRDA:72,10,1,0
BRDA:81,11,0,0
BRDA:81,11,1,1
BRDA:104,12,0,0
BRDA:104,12,1,0
BRDA:112,13,0,0
BRDA:112,13,1,0
BRDA:157,14,0,93
BRDA:157,14,1,4
BRDA:160,15,0,2
BRDA:160,15,1,95
BRDA:160,16,0,2
BRDA:160,16,1,95
BRDA:163,17,0,67
BRDA:163,17,1,30
BRDA:163,18,0,67
BRDA:163,18,1,30
BRDA:205,19,0,97
BRDA:205,19,1,67
BRDA:223,20,0,97
BRDA:223,20,1,67
BRDA:242,21,0,97
BRDA:242,21,1,67
BRDA:256,22,0,97
BRDA:256,22,1,2
BRDA:268,23,0,97
BRDA:268,23,1,2
BRDA:273,24,0,97
BRDA:273,24,1,2
BRDA:273,24,2,0
BRF:49
BRH:38
end_of_record
TN:
SF:src/index.js
FNF:0
FNH:0
DA:6,0
DA:7,0
LF:2
LH:0
BRF:0
BRH:0
end_of_record
